0 info it worked if it ends with ok
1 verbose cli [ '/usr/local/Cellar/node/7.4.0/bin/node',
1 verbose cli   '/usr/local/bin/npm',
1 verbose cli   'whoami' ]
2 info using npm@4.1.2
3 info using node@v7.4.0
4 verbose stack Error: this command requires you to be logged in.
4 verbose stack     at EventEmitter.whoami (/usr/local/lib/node_modules/npm/lib/whoami.js:42:18)
4 verbose stack     at Object.commandCache.(anonymous function) (/usr/local/lib/node_modules/npm/lib/npm.js:128:13)
4 verbose stack     at EventEmitter.<anonymous> (/usr/local/lib/node_modules/npm/bin/npm-cli.js:77:30)
4 verbose stack     at _combinedTickCallback (internal/process/next_tick.js:67:7)
4 verbose stack     at process._tickCallback (internal/process/next_tick.js:98:9)
5 verbose cwd /Users/lucaban/Sites/lucaban
6 error Darwin 16.3.0
7 error argv "/usr/local/Cellar/node/7.4.0/bin/node" "/usr/local/bin/npm" "whoami"
8 error node v7.4.0
9 error npm  v4.1.2
10 error code ENEEDAUTH
11 error need auth this command requires you to be logged in.
12 error need auth You need to authorize this machine using `npm adduser`
13 verbose exit [ 1, true ]
